{"logTime": "0711/103346", "correlationVector":"to2olwaVyivigQOtkMfxfc.1","action":"SyncServerConnectionManagerRequest", "result":"SYNC_SERVER_OK", "context":{"environment":"Prod_southeastasia_prod-s01-065-apac-southeastasia", "migrationStage":"NotStarted", "server":"akswtt00900000p"}}
{"logTime": "0711/103346", "correlationVector":"to2olwaVyivigQOtkMfxfc.2","action":"ProcessGetUpdates", "result":"Done", "context":{"dataType":"Encryption Keys", "deleted":"0", "process_failed_to_decrypt":"0", "process_pending_decryption":"0", "process_success":"1", "total":"1"}}
{"logTime": "0711/103346", "correlationVector":"WBLMMA3/5QMtTIK5cD4I/j","action":"SyncServerConnectionManagerRequest", "result":"SYNC_SERVER_OK", "context":{"environment":"", "migrationStage":"", "server":""}}
{"logTime": "0711/103346", "correlationVector":"WBLMMA3/5QMtTIK5cD4I/j.0","action":"EncryptionKeysFetcher.DownloadKeys:", "result":"Success", "context":Key count: 6, Last key timestamp: 2025-01-12T11:41:09Z}
{"logTime": "0711/103346", "correlationVector":"WBLMMA3/5QMtTIK5cD4I/j.1","action":"EncryptionKeysManager::SetEncryptionKeys:", "result":"Success", "context":Key names[6]:[A2jUH8EntaM6ytdz4+6pUOXPHg2teqZwg+o4pbiAaw3nbff92xJxKL2YiETU60jZZkMfPO5QGMMtN8chASzSaQ==][g9h+c0bb71Z8nblPYqTIBc3wFp8aOLAAp/Pxg7JlHK3lYLpJbSyL85Jp+jcyDTXF30IzyNoT1QKHNuX6O3vqIw==][oBvZMTiidcrWqKepmVwoUFGsdeWVvdE25pd6tIc5e2CdGCrt33Vv8hj84FzfVwmabxBvYhejyTslZQCSO+J7Pg==][AOITtC8j4UhEvYTVKd7hOjAWh+JCSD3rnopCtVORxppol29OEKywFko2T8yFh/fJr7DAbJmeNMtZ53luxVj+NQ==][UWh9jtBCv+Y/ArAPJOAElhLRreZxN70uyfZ3GFiSR7TMJvNsVkrju/OlWEaVFJgQrNqgMpx+KSd3pvXF4Kd6jw==][C0TQ4h0DYiEjJPHbBDbhJC8onjsjNE0xq0qvworfHq9KpJlXTm3vwlVBHf8cOVI7QyFGAGusyUL9PpAXvBYLIA==]}
{"logTime": "0711/103346", "correlationVector":"WBLMMA3/5QMtTIK5cD4I/j.2","action":"EncryptionKeysManager::SetEncryptionKeysWithTimestamps:", "result":"Success", "context":Key timestamps[6]:[2022-04-09T03:45:28Z][2022-10-09T10:12:57Z][2023-05-09T02:27:52Z][2023-12-24T06:38:00Z][2024-07-14T13:51:20Z][2025-01-12T11:41:09Z]}
{"logTime": "0711/103346", "correlationVector":"to2olwaVyivigQOtkMfxfc","action":"Initial GetUpdates", "result":"", "context":Reason: NEW_CLIENT. cV=to2olwaVyivigQOtkMfxfc}
{"logTime": "0711/103346", "correlationVector":"to2olwaVyivigQOtkMfxfc.3","action":"GetUpdates Response", "result":"Success", "context":Received 1 update(s). cV=to2olwaVyivigQOtkMfxfc.0;server=akswtt00900000p;cloudType=Consumer;environment=Prod_southeastasia_prod-s01-065-apac-southeastasia;migrationStage=NotStarted}
{"logTime": "0711/103346", "correlationVector":"sxJulnxtUh7iticaaWiSl0","action":"Initial GetUpdates", "result":"", "context":Reason: NEWLY_SUPPORTED_DATATYPE. cV=sxJulnxtUh7iticaaWiSl0}
{"logTime": "0711/103347", "correlationVector":"sxJulnxtUh7iticaaWiSl0.1","action":"SyncServerConnectionManagerRequest", "result":"SYNC_SERVER_OK", "context":{"environment":"Prod_southeastasia_prod-s01-065-apac-southeastasia", "migrationStage":"NotStarted", "server":"akswtt00900000y"}}
{"logTime": "0711/103347", "correlationVector":"sxJulnxtUh7iticaaWiSl0.2","action":"ProcessGetUpdates", "result":"Done", "context":{"dataType":"Preferences", "deleted":"1", "process_failed_to_decrypt":"0", "process_pending_decryption":"0", "process_success":"73", "total":"73"}}
{"logTime": "0711/103347", "correlationVector":"sxJulnxtUh7iticaaWiSl0.3","action":"ProcessGetUpdates", "result":"Done", "context":{"dataType":"Passwords", "deleted":"0", "process_failed_to_decrypt":"0", "process_pending_decryption":"0", "process_success":"61", "total":"61"}}
{"logTime": "0711/103347", "correlationVector":"sxJulnxtUh7iticaaWiSl0.4","action":"ProcessGetUpdates", "result":"Done", "context":{"dataType":"Device Info", "deleted":"0", "process_failed_to_decrypt":"0", "process_pending_decryption":"0", "process_success":"11", "total":"11"}}
{"logTime": "0711/103347", "correlationVector":"sxJulnxtUh7iticaaWiSl0.5","action":"GetUpdates Response", "result":"Success", "context":Received 145 update(s). cV=sxJulnxtUh7iticaaWiSl0.0;server=akswtt00900000y;cloudType=Consumer;environment=Prod_southeastasia_prod-s01-065-apac-southeastasia;migrationStage=NotStarted}
{"logTime": "0711/103347", "correlationVector":"tPgLc/nzYdRrzDYBZkWiAV","action":"Initial GetUpdates", "result":"", "context":Reason: NEWLY_SUPPORTED_DATATYPE. cV=tPgLc/nzYdRrzDYBZkWiAV}
{"logTime": "0711/103347", "correlationVector":"tPgLc/nzYdRrzDYBZkWiAV.1","action":"SyncServerConnectionManagerRequest", "result":"SYNC_SERVER_OK", "context":{"environment":"Prod_southeastasia_prod-s01-065-apac-southeastasia", "migrationStage":"NotStarted", "server":"akswtt00900000l"}}
{"logTime": "0711/103347", "correlationVector":"tPgLc/nzYdRrzDYBZkWiAV.2","action":"ProcessGetUpdates", "result":"Done", "context":{"dataType":"Bookmarks", "deleted":"0", "process_failed_to_decrypt":"0", "process_pending_decryption":"0", "process_success":"76", "total":"76"}}
{"logTime": "0711/103347", "correlationVector":"tPgLc/nzYdRrzDYBZkWiAV.3","action":"GetUpdates Response", "result":"Success", "context":Received 76 update(s). cV=tPgLc/nzYdRrzDYBZkWiAV.0;server=akswtt00900000l;cloudType=Consumer;environment=Prod_southeastasia_prod-s01-065-apac-southeastasia;migrationStage=NotStarted}
{"logTime": "0711/103347", "correlationVector":"635rRfwRPLoUiUzBSuy97u","action":"Initial GetUpdates", "result":"", "context":Reason: NEWLY_SUPPORTED_DATATYPE. cV=635rRfwRPLoUiUzBSuy97u}
{"logTime": "0711/103347", "correlationVector":"635rRfwRPLoUiUzBSuy97u.1","action":"SyncServerConnectionManagerRequest", "result":"SYNC_SERVER_OK", "context":{"environment":"Prod_southeastasia_prod-s01-065-apac-southeastasia", "migrationStage":"NotStarted", "server":"akswtt00900000p"}}
{"logTime": "0711/103347", "correlationVector":"635rRfwRPLoUiUzBSuy97u.2","action":"ProcessGetUpdates", "result":"Done", "context":{"dataType":"Autofill", "deleted":"0", "process_failed_to_decrypt":"0", "process_pending_decryption":"0", "process_success":"3", "total":"3"}}
{"logTime": "0711/103347", "correlationVector":"635rRfwRPLoUiUzBSuy97u.3","action":"ProcessGetUpdates", "result":"Done", "context":{"dataType":"Extensions", "deleted":"0", "process_failed_to_decrypt":"0", "process_pending_decryption":"0", "process_success":"1", "total":"1"}}
{"logTime": "0711/103347", "correlationVector":"635rRfwRPLoUiUzBSuy97u.4","action":"ProcessGetUpdates", "result":"Done", "context":{"dataType":"Sessions", "deleted":"5", "process_failed_to_decrypt":"0", "process_pending_decryption":"0", "process_success":"21", "total":"21"}}
{"logTime": "0711/103347", "correlationVector":"635rRfwRPLoUiUzBSuy97u.5","action":"ProcessGetUpdates", "result":"Done", "context":{"dataType":"Edge Hub App Usage", "deleted":"3", "process_failed_to_decrypt":"0", "process_pending_decryption":"0", "process_success":"6", "total":"6"}}
{"logTime": "0711/103347", "correlationVector":"635rRfwRPLoUiUzBSuy97u.6","action":"GetUpdates Response", "result":"Success", "context":Received 31 update(s). cV=635rRfwRPLoUiUzBSuy97u.0;server=akswtt00900000p;cloudType=Consumer;environment=Prod_southeastasia_prod-s01-065-apac-southeastasia;migrationStage=NotStarted}
{"logTime": "0711/103347", "correlationVector":"e/gdRcRByHjLrcbobzzWFn","action":"Initial GetUpdates", "result":"", "context":Reason: NEWLY_SUPPORTED_DATATYPE. cV=e/gdRcRByHjLrcbobzzWFn}
{"logTime": "0711/103347", "correlationVector":"e/gdRcRByHjLrcbobzzWFn.1","action":"SyncServerConnectionManagerRequest", "result":"SYNC_SERVER_OK", "context":{"environment":"Prod_southeastasia_prod-s01-065-apac-southeastasia", "migrationStage":"NotStarted", "server":"akswtt009000031"}}
{"logTime": "0711/103347", "correlationVector":"e/gdRcRByHjLrcbobzzWFn.2","action":"ProcessGetUpdates", "result":"Done", "context":{"dataType":"History", "deleted":"0", "process_failed_to_decrypt":"0", "process_pending_decryption":"0", "process_success":"10", "total":"10"}}
{"logTime": "0711/103347", "correlationVector":"e/gdRcRByHjLrcbobzzWFn.3","action":"GetUpdates Response", "result":"Success", "context":Received 10 update(s). cV=e/gdRcRByHjLrcbobzzWFn.0;server=akswtt009000031;cloudType=Consumer;environment=Prod_southeastasia_prod-s01-065-apac-southeastasia;migrationStage=NotStarted}
{"logTime": "0711/103347", "correlationVector":"2Xla9mibg43ErLnIwMawCn","action":"Normal GetUpdate request", "result":"", "context":cV=2Xla9mibg43ErLnIwMawCn
Nudged types: Bookmarks, Sessions, Device Info, User Consents
Refresh requested types: Bookmarks, Preferences, Passwords, Autofill Profiles, Autofill, Extensions, Sessions, Extension settings, History Delete Directives, Device Info, User Consents, Send Tab To Self, Web Apps, History, Saved Tab Group, WebAuthn Credentials, Collection, Edge E Drop, Edge Hub App Usage, Edge Wallet, Encryption Keys}
{"logTime": "0711/103347", "correlationVector":"2Xla9mibg43ErLnIwMawCn.1","action":"SyncServerConnectionManagerRequest", "result":"SYNC_SERVER_OK", "context":{"environment":"Prod_southeastasia_prod-s01-065-apac-southeastasia", "migrationStage":"NotStarted", "server":"akswtt00900001z"}}
{"logTime": "0711/103347", "correlationVector":"2Xla9mibg43ErLnIwMawCn.2","action":"GetUpdates Response", "result":"Success", "context":Received 0 update(s). cV=2Xla9mibg43ErLnIwMawCn.0;server=akswtt00900001z;cloudType=Consumer;environment=Prod_southeastasia_prod-s01-065-apac-southeastasia;migrationStage=NotStarted}
{"logTime": "0711/103347", "correlationVector":"bndH9fLLDOr5f01qTJOr53","action":"Commit Request", "result":"", "context":Item count: 10
Contributing types: Bookmarks, Sessions, Device Info, User Consents}
{"logTime": "0711/103348", "correlationVector":"bndH9fLLDOr5f01qTJOr53.1","action":"SyncServerConnectionManagerRequest", "result":"SYNC_SERVER_OK", "context":{"environment":"Prod_southeastasia_prod-s01-065-apac-southeastasia", "migrationStage":"NotStarted", "server":"akswtt00900000i"}}
{"logTime": "0711/103348", "correlationVector":"bndH9fLLDOr5f01qTJOr53.2","action":"Commit Response", "result":"Success", "context":Result: Success. cV=bndH9fLLDOr5f01qTJOr53.0;server=akswtt00900000i;cloudType=Consumer;environment=Prod_southeastasia_prod-s01-065-apac-southeastasia;migrationStage=NotStarted}
{"logTime": "0711/103348", "correlationVector":"ti+Kj068arBoVPgWzfAnMD","action":"Commit Request", "result":"", "context":Item count: 1
Contributing types: Edge Hub App Usage}
{"logTime": "0711/103348", "correlationVector":"ti+Kj068arBoVPgWzfAnMD.1","action":"SyncServerConnectionManagerRequest", "result":"SYNC_SERVER_OK", "context":{"environment":"Prod_southeastasia_prod-s01-065-apac-southeastasia", "migrationStage":"NotStarted", "server":"akswtt00900000v"}}
{"logTime": "0711/103348", "correlationVector":"ti+Kj068arBoVPgWzfAnMD.2","action":"Commit Response", "result":"Success", "context":Result: Success. cV=ti+Kj068arBoVPgWzfAnMD.0;server=akswtt00900000v;cloudType=Consumer;environment=Prod_southeastasia_prod-s01-065-apac-southeastasia;migrationStage=NotStarted}
{"logTime": "0711/103442", "correlationVector":"F2128nefnGjbH2zm59zOHQ","action":"Commit Request", "result":"", "context":Item count: 13
Contributing types: Passwords, Sessions, History}
{"logTime": "0711/103443", "correlationVector":"F2128nefnGjbH2zm59zOHQ.1","action":"SyncServerConnectionManagerRequest", "result":"SYNC_SERVER_OK", "context":{"environment":"Prod_southeastasia_prod-s01-065-apac-southeastasia", "migrationStage":"NotStarted", "server":"akswtt00900002x"}}
{"logTime": "0711/103443", "correlationVector":"F2128nefnGjbH2zm59zOHQ.2","action":"Commit Response", "result":"Success", "context":Result: Success. cV=F2128nefnGjbH2zm59zOHQ.0;server=akswtt00900002x;cloudType=Consumer;environment=Prod_southeastasia_prod-s01-065-apac-southeastasia;migrationStage=NotStarted}
{"logTime": "0711/103544", "correlationVector":"Zi1Ot1GPGzqDDeoFMtFBEX","action":"Commit Request", "result":"", "context":Item count: 13
Contributing types: Sessions, History}
{"logTime": "0711/103545", "correlationVector":"Zi1Ot1GPGzqDDeoFMtFBEX.1","action":"SyncServerConnectionManagerRequest", "result":"SYNC_SERVER_OK", "context":{"environment":"Prod_southeastasia_prod-s01-065-apac-southeastasia", "migrationStage":"NotStarted", "server":"akswtt00900001u"}}
{"logTime": "0711/103545", "correlationVector":"Zi1Ot1GPGzqDDeoFMtFBEX.2","action":"Commit Response", "result":"Success", "context":Result: Success. cV=Zi1Ot1GPGzqDDeoFMtFBEX.0;server=akswtt00900001u;cloudType=Consumer;environment=Prod_southeastasia_prod-s01-065-apac-southeastasia;migrationStage=NotStarted}
